<?xml version="1.0" encoding="UTF-8"?>
<!-- Generated by org.testng.reporters.JUnitReportReporter -->
<testsuite hostname="TYC1121225" failures="0" tests="1" name="petstrore.test.UserTest" time="3.655" errors="0" timestamp="30 May 2023 12:03:45 GMT" skipped="0">
  <testcase classname="petstrore.test.UserTest" name="updateUserTest" time="3.655"/>
</testsuite> <!-- petstrore.test.UserTest -->
