<?xml version="1.0" encoding="UTF-8"?>
<!-- Generated by org.testng.reporters.JUnitReportReporter -->
<testsuite hostname="TYC1121225" failures="0" tests="1" name="shopperProfile.B" time="3.630" errors="0" timestamp="2023-05-10T10:57:42 IST" skipped="0">
  <testcase classname="shopperProfile.B" name="demo" time="3.630"/>
  <system-out/>
</testsuite> <!-- shopperProfile.B -->
