<?xml version="1.0" encoding="UTF-8"?>
<!-- Generated by org.testng.reporters.JUnitReportReporter -->
<testsuite hostname="TYC1121225" failures="0" tests="1" name="shopperProfile.UpdateTheShopperDetails" time="0.000" errors="0" timestamp="2023-06-06T18:23:57 IST" skipped="1">
  <testcase classname="shopperProfile.UpdateTheShopperDetails" name="updateTheShopperDetails" time="0.000">
    <skipped/>
  </testcase> <!-- updateTheShopperDetails -->
  <system-out/>
</testsuite> <!-- shopperProfile.UpdateTheShopperDetails -->
