<?xml version="1.0" encoding="UTF-8"?>
<!-- Generated by org.testng.reporters.JUnitReportReporter -->
<testsuite hostname="TYC1121225" failures="0" tests="1" name="shopperProfile.RegisterAsAShopperAndLogin" time="0.000" errors="0" timestamp="2023-05-24T11:07:29 IST" skipped="1">
  <testcase classname="shopperProfile.RegisterAsAShopperAndLogin" name="findShopperDataByShopperId" time="0.000">
    <skipped/>
  </testcase> <!-- findShopperDataByShopperId -->
  <system-out/>
</testsuite> <!-- shopperProfile.RegisterAsAShopperAndLogin -->
