<?xml version="1.0" encoding="UTF-8"?>
<!-- Generated by org.testng.reporters.JUnitReportReporter -->
<testsuite hostname="TYC1121225" failures="0" tests="1" name="shoppers_stack.productViewActions.ReturnProductsTest" time="2.845" errors="0" timestamp="2023-04-03T11:28:09 IST" skipped="0">
  <testcase classname="shoppers_stack.productViewActions.ReturnProductsTest" name="returnAllTheProductsTest" time="2.845"/>
  <system-out/>
</testsuite> <!-- shoppers_stack.productViewActions.ReturnProductsTest -->
