<?xml version="1.0" encoding="UTF-8"?>
<!-- Generated by org.testng.reporters.JUnitReportReporter -->
<testsuite hostname="TYC1121225" failures="0" tests="1" name="shoppers_stack.shopperProfile.RegisterAsAShopper" time="5.013" errors="0" timestamp="2023-04-04T18:05:12 IST" skipped="0">
  <testcase classname="shoppers_stack.shopperProfile.RegisterAsAShopper" name="registerAsAShopper" time="5.013"/>
  <system-out/>
</testsuite> <!-- shoppers_stack.shopperProfile.RegisterAsAShopper -->
