<?xml version="1.0" encoding="UTF-8"?>
<!-- Generated by org.testng.reporters.JUnitReportReporter -->
<testsuite hostname="TYC1121225" failures="0" tests="1" name="shoppers_stack.shopperProfile.RegisterAsAShopperAndLogin" time="4.225" errors="0" timestamp="2023-04-04T22:27:52 IST" skipped="0">
  <testcase classname="shoppers_stack.shopperProfile.RegisterAsAShopperAndLogin" name="findShopperDataByShopperId" time="4.225"/>
  <system-out/>
</testsuite> <!-- shoppers_stack.shopperProfile.RegisterAsAShopperAndLogin -->
